<?xml version="1.0" encoding="UTF-8"?>
<Site BuildName="(empty)"
	BuildStamp="20240730-1343-Experimental"
	Name="kdw"
	Generator="ctest-3.22.1"
	CompilerName="/usr/bin/c++"
	CompilerVersion="11.4.0"
	OSName="Linux"
	Hostname="kdw"
	OSRelease="6.5.0-44-generic"
	OSVersion="#44~22.04.1-Ubuntu SMP PREEMPT_DYNAMIC Tue Jun 18 14:36:16 UTC 2"
	OSPlatform="x86_64"
	Is64Bits="1"
	VendorString="GenuineIntel"
	VendorID="Intel Corporation"
	FamilyID="6"
	ModelID="183"
	ProcessorCacheSize="24576"
	NumberOfLogicalCPU="20"
	NumberOfPhysicalCPU="14"
	TotalVirtualMemory="15624"
	TotalPhysicalMemory="31922"
	LogicalProcessorsPerPhysical="1"
	ProcessorClockFrequency="5299.94"
	>
	<Testing>
		<StartDateTime>Jul 30 22:43 KST</StartDateTime>
		<StartTestTime>1722346992</StartTestTime>
		<TestList/>
		<EndDateTime>Jul 30 22:43 KST</EndDateTime>
		<EndTestTime>1722346992</EndTestTime>
		<ElapsedMinutes>0</ElapsedMinutes>
	</Testing>
</Site>
